*** Using Compiler 'V5.06 update 6 (build 750)', folder: 'E:\Keil Programma\ARM\ARMCC\Bin'
Build target 'Target 1'
compiling usart2.c...
..\HARDWARE\USART\usart2.c(161): error:  #167: argument of type "int" is incompatible with parameter of type "const char *restrict"
      vsprintf((char *)Usart2_Handle.USART2_TX_BUF,USART2_MAX_SEND_LEN+1, fmt, ap);
..\HARDWARE\USART\usart2.c(161): error:  #167: argument of type "char *" is incompatible with parameter of type "__va_list"
      vsprintf((char *)Usart2_Handle.USART2_TX_BUF,USART2_MAX_SEND_LEN+1, fmt, ap);
..\HARDWARE\USART\usart2.c(161): error:  #140: too many arguments in function call
      vsprintf((char *)Usart2_Handle.USART2_TX_BUF,USART2_MAX_SEND_LEN+1, fmt, ap);
..\HARDWARE\USART\usart2.c: 0 warnings, 3 errors
"..\OBJ\LED.axf" - 3 Error(s), 0 Warning(s).
Target not created.
Build Time Elapsed:  00:00:04
